#
# There is insufficient memory for the Java Runtime Environment to continue.
# Native memory allocation (malloc) failed to allocate 131088 bytes for Chunk::new
# Possible reasons:
#   The system is out of physical RAM or swap space
#   The process is running with CompressedOops enabled, and the Java Heap may be blocking the growth of the native heap
# Possible solutions:
#   Reduce memory load on the system
#   Increase physical memory or swap space
#   Check if swap backing store is full
#   Decrease Java heap size (-Xmx/-Xms)
#   Decrease number of Java threads
#   Decrease Java thread stack sizes (-Xss)
#   Set larger code cache with -XX:ReservedCodeCacheSize=
#   JVM is running with Unscaled Compressed Oops mode in which the Java heap is
#     placed in the first 4GB address space. The Java Heap base address is the
#     maximum limit for the native heap growth. Please use -XX:HeapBaseMinAddress
#     to set the Java Heap base and to place the Java Heap above 4GB virtual address.
# This output file may be truncated or incomplete.
#
#  Out of Memory Error (allocation.cpp:389), pid=12388, tid=0x0000000000000de8
#
# JRE version: Java(TM) SE Runtime Environment (8.0_261-b12) (build 1.8.0_261-b12)
# Java VM: Java HotSpot(TM) 64-Bit Server VM (25.261-b12 mixed mode windows-amd64 compressed oops)
# Failed to write core dump. Minidumps are not enabled by default on client versions of Windows
#

---------------  T H R E A D  ---------------

Current thread (0x0000013240942800):  JavaThread "C2 CompilerThread1" daemon [_thread_in_native, id=3560, stack(0x000000125cc00000,0x000000125cd00000)]

Stack: [0x000000125cc00000,0x000000125cd00000]
Native frames: (J=compiled Java code, j=interpreted, Vv=VM code, C=native code)
V  [jvm.dll+0x33e5f9]
V  [jvm.dll+0x2850e2]
V  [jvm.dll+0x285d8d]
V  [jvm.dll+0x27c895]
V  [jvm.dll+0xe4d6c]
V  [jvm.dll+0xe556c]
V  [jvm.dll+0xe50bd]
V  [jvm.dll+0x4eb391]
V  [jvm.dll+0x450c80]
V  [jvm.dll+0x44eb84]
V  [jvm.dll+0x439bc7]
V  [jvm.dll+0xbbbcb]
V  [jvm.dll+0xba22b]
V  [jvm.dll+0x24d962]
V  [jvm.dll+0x2a1cfc]
C  [ucrtbase.dll+0x21bb2]
C  [KERNEL32.DLL+0x17344]
C  [ntdll.dll+0x526b1]


Current CompileTask:
C2:   6292 1653       4       java.net.URLClassLoader$1::run (5 bytes)


---------------  P R O C E S S  ---------------

Java Threads: ( => current thread )
  0x0000013241d08800 JavaThread "Service Thread" daemon [_thread_blocked, id=11580, stack(0x000000125cf00000,0x000000125d000000)]
  0x0000013240961000 JavaThread "C1 CompilerThread3" daemon [_thread_blocked, id=4140, stack(0x000000125ce00000,0x000000125cf00000)]
  0x000001324094f800 JavaThread "C2 CompilerThread2" daemon [_thread_blocked, id=13376, stack(0x000000125cd00000,0x000000125ce00000)]
=>0x0000013240942800 JavaThread "C2 CompilerThread1" daemon [_thread_in_native, id=3560, stack(0x000000125cc00000,0x000000125cd00000)]
  0x0000013240940000 JavaThread "C2 CompilerThread0" daemon [_thread_in_native, id=16636, stack(0x000000125cb00000,0x000000125cc00000)]
  0x000001324093e800 JavaThread "Attach Listener" daemon [_thread_blocked, id=6640, stack(0x000000125ca00000,0x000000125cb00000)]
  0x000001324093d800 JavaThread "Signal Dispatcher" daemon [_thread_blocked, id=6964, stack(0x000000125c900000,0x000000125ca00000)]
  0x0000013240920000 JavaThread "Finalizer" daemon [_thread_blocked, id=12652, stack(0x000000125c800000,0x000000125c900000)]
  0x0000013229fa9800 JavaThread "Reference Handler" daemon [_thread_blocked, id=14160, stack(0x000000125c700000,0x000000125c800000)]
  0x0000013229ca4000 JavaThread "main" [_thread_in_native, id=12464, stack(0x000000125bd00000,0x000000125be00000)]

Other Threads:
  0x00000132408f4800 VMThread [stack: 0x000000125c600000,0x000000125c700000] [id=4348]
  0x0000013241d29800 WatcherThread [stack: 0x000000125d000000,0x000000125d100000] [id=15192]

VM state:not at safepoint (normal execution)

VM Mutex/Monitor currently owned by a thread: None

heap address: 0x0000000081800000, size: 2024 MB, Compressed Oops mode: 32-bit
Narrow klass base: 0x0000000000000000, Narrow klass shift: 3
Compressed class space size: 1073741824 Address: 0x0000000100000000

Heap:
 PSYoungGen      total 38400K, used 27995K [0x00000000d5d80000, 0x00000000d8800000, 0x0000000100000000)
  eden space 33280K, 68% used [0x00000000d5d80000,0x00000000d73d8c80,0x00000000d7e00000)
  from space 5120K, 99% used [0x00000000d8300000,0x00000000d87fe180,0x00000000d8800000)
  to   space 5120K, 0% used [0x00000000d7e00000,0x00000000d7e00000,0x00000000d8300000)
 ParOldGen       total 87552K, used 2414K [0x0000000081800000, 0x0000000086d80000, 0x00000000d5d80000)
  object space 87552K, 2% used [0x0000000081800000,0x0000000081a5b810,0x0000000086d80000)
 Metaspace       used 15299K, capacity 15546K, committed 15872K, reserved 1062912K
  class space    used 1881K, capacity 1972K, committed 2048K, reserved 1048576K

Card table byte_map: [0x000001323ab30000,0x000001323af30000] byte_map_base: 0x000001323a724000

Marking Bits: (ParMarkBitMap*) 0x0000000077f84fb0
 Begin Bits: [0x000001323b1e0000, 0x000001323d180000)
 End Bits:   [0x000001323d180000, 0x000001323f120000)

Polling page: 0x0000013229e50000

CodeCache: size=245760Kb used=6067Kb max_used=6078Kb free=239692Kb
 bounds [0x000001322b770000, 0x000001322bd70000, 0x000001323a770000]
 total_blobs=2109 nmethods=1736 adapters=285
 compilation: enabled

Compilation events (10 events):
Event: 6.226 Thread 0x0000013240961000 nmethod 1711 0x000001322bd52b10 code [0x000001322bd52c80, 0x000001322bd52e90]
Event: 6.231 Thread 0x0000013240961000 1713       3       org.apache.maven.model.ConfigurationContainer::<init> (10 bytes)
Event: 6.232 Thread 0x0000013240961000 nmethod 1713 0x000001322bd52f50 code [0x000001322bd530a0, 0x000001322bd53258]
Event: 6.232 Thread 0x0000013240961000 1714       3       org.apache.maven.model.merge.ModelMerger::mergeConfigurationContainer (19 bytes)
Event: 6.232 Thread 0x0000013240961000 nmethod 1714 0x000001322bd53310 code [0x000001322bd53480, 0x000001322bd53780]
Event: 6.232 Thread 0x0000013240961000 1719       3       org.apache.maven.model.Plugin::setGroupId (6 bytes)
Event: 6.232 Thread 0x0000013240961000 nmethod 1719 0x000001322bd53850 code [0x000001322bd539a0, 0x000001322bd53b18]
Event: 6.232 Thread 0x0000013240961000 1720       3       org.apache.maven.model.ConfigurationContainer::isInherited (19 bytes)
Event: 6.233 Thread 0x0000013240961000 nmethod 1720 0x000001322bd53b90 code [0x000001322bd53d00, 0x000001322bd54070]
Event: 6.233 Thread 0x0000013240961000 1717       3       org.apache.maven.model.merge.MavenModelMerger::getPluginKey (5 bytes)

GC Heap History (4 events):
Event: 4.951 GC heap before
{Heap before GC invocations=1 (full 0):
 PSYoungGen      total 38400K, used 33280K [0x00000000d5d80000, 0x00000000d8800000, 0x0000000100000000)
  eden space 33280K, 100% used [0x00000000d5d80000,0x00000000d7e00000,0x00000000d7e00000)
  from space 5120K, 0% used [0x00000000d8300000,0x00000000d8300000,0x00000000d8800000)
  to   space 5120K, 0% used [0x00000000d7e00000,0x00000000d7e00000,0x00000000d8300000)
 ParOldGen       total 87552K, used 0K [0x0000000081800000, 0x0000000086d80000, 0x00000000d5d80000)
  object space 87552K, 0% used [0x0000000081800000,0x0000000081800000,0x0000000086d80000)
 Metaspace       used 8483K, capacity 8620K, committed 8832K, reserved 1056768K
  class space    used 1039K, capacity 1112K, committed 1152K, reserved 1048576K
Event: 4.957 GC heap after
Heap after GC invocations=1 (full 0):
 PSYoungGen      total 38400K, used 5101K [0x00000000d5d80000, 0x00000000d8800000, 0x0000000100000000)
  eden space 33280K, 0% used [0x00000000d5d80000,0x00000000d5d80000,0x00000000d7e00000)
  from space 5120K, 99% used [0x00000000d7e00000,0x00000000d82fb500,0x00000000d8300000)
  to   space 5120K, 0% used [0x00000000d8300000,0x00000000d8300000,0x00000000d8800000)
 ParOldGen       total 87552K, used 40K [0x0000000081800000, 0x0000000086d80000, 0x00000000d5d80000)
  object space 87552K, 0% used [0x0000000081800000,0x000000008180a000,0x0000000086d80000)
 Metaspace       used 8483K, capacity 8620K, committed 8832K, reserved 1056768K
  class space    used 1039K, capacity 1112K, committed 1152K, reserved 1048576K
}
Event: 5.507 GC heap before
{Heap before GC invocations=2 (full 0):
 PSYoungGen      total 38400K, used 38381K [0x00000000d5d80000, 0x00000000d8800000, 0x0000000100000000)
  eden space 33280K, 100% used [0x00000000d5d80000,0x00000000d7e00000,0x00000000d7e00000)
  from space 5120K, 99% used [0x00000000d7e00000,0x00000000d82fb500,0x00000000d8300000)
  to   space 5120K, 0% used [0x00000000d8300000,0x00000000d8300000,0x00000000d8800000)
 ParOldGen       total 87552K, used 40K [0x0000000081800000, 0x0000000086d80000, 0x00000000d5d80000)
  object space 87552K, 0% used [0x0000000081800000,0x000000008180a000,0x0000000086d80000)
 Metaspace       used 12227K, capacity 12420K, committed 12672K, reserved 1060864K
  class space    used 1527K, capacity 1606K, committed 1664K, reserved 1048576K
Event: 5.516 GC heap after
Heap after GC invocations=2 (full 0):
 PSYoungGen      total 38400K, used 5112K [0x00000000d5d80000, 0x00000000d8800000, 0x0000000100000000)
  eden space 33280K, 0% used [0x00000000d5d80000,0x00000000d5d80000,0x00000000d7e00000)
  from space 5120K, 99% used [0x00000000d8300000,0x00000000d87fe180,0x00000000d8800000)
  to   space 5120K, 0% used [0x00000000d7e00000,0x00000000d7e00000,0x00000000d8300000)
 ParOldGen       total 87552K, used 2414K [0x0000000081800000, 0x0000000086d80000, 0x00000000d5d80000)
  object space 87552K, 2% used [0x0000000081800000,0x0000000081a5b810,0x0000000086d80000)
 Metaspace       used 12227K, capacity 12420K, committed 12672K, reserved 1060864K
  class space    used 1527K, capacity 1606K, committed 1664K, reserved 1048576K
}

Deoptimization events (10 events):
Event: 5.824 Thread 0x0000013229ca4000 Uncommon trap: reason=unstable_if action=reinterpret pc=0x000001322bc8f4d0 method=org.eclipse.sisu.inject.InjectorBindings.isAssignableFrom(Lcom/google/inject/TypeLiteral;Lcom/google/inject/Binding;)Z @ 14
Event: 5.946 Thread 0x0000013229ca4000 Uncommon trap: reason=unstable_if action=reinterpret pc=0x000001322b91ee30 method=java.lang.String.replace(CC)Ljava/lang/String; @ 2
Event: 6.027 Thread 0x0000013229ca4000 Uncommon trap: reason=unstable_if action=reinterpret pc=0x000001322b8de948 method=java.lang.String.startsWith(Ljava/lang/String;I)Z @ 25
Event: 6.058 Thread 0x0000013229ca4000 Uncommon trap: reason=bimorphic action=maybe_recompile pc=0x000001322bcd1e38 method=java.util.regex.Pattern$CharProperty.match(Ljava/util/regex/Matcher;ILjava/lang/CharSequence;)Z @ 37
Event: 6.059 Thread 0x0000013229ca4000 Uncommon trap: reason=bimorphic action=maybe_recompile pc=0x000001322bcd1e38 method=java.util.regex.Pattern$CharProperty.match(Ljava/util/regex/Matcher;ILjava/lang/CharSequence;)Z @ 37
Event: 6.076 Thread 0x0000013229ca4000 Uncommon trap: reason=bimorphic action=maybe_recompile pc=0x000001322bcd1e38 method=java.util.regex.Pattern$CharProperty.match(Ljava/util/regex/Matcher;ILjava/lang/CharSequence;)Z @ 37
Event: 6.076 Thread 0x0000013229ca4000 Uncommon trap: reason=bimorphic action=maybe_recompile pc=0x000001322bcd1e38 method=java.util.regex.Pattern$CharProperty.match(Ljava/util/regex/Matcher;ILjava/lang/CharSequence;)Z @ 37
Event: 6.080 Thread 0x0000013229ca4000 Uncommon trap: reason=unstable_if action=reinterpret pc=0x000001322babc684 method=sun.nio.cs.UTF_8$Decoder.decode([BII[C)I @ 30
Event: 6.080 Thread 0x0000013229ca4000 Uncommon trap: reason=unstable_if action=reinterpret pc=0x000001322ba49a94 method=sun.nio.cs.UTF_8$Decoder.decodeArrayLoop(Ljava/nio/ByteBuffer;Ljava/nio/CharBuffer;)Ljava/nio/charset/CoderResult; @ 84
Event: 6.156 Thread 0x0000013229ca4000 Uncommon trap: reason=unstable_if action=reinterpret pc=0x000001322bd2004c method=org.codehaus.plexus.util.xml.pull.MXParser.nextImpl()I @ 1161

Classes redefined (0 events):
No events

Internal exceptions (10 events):
Event: 4.990 Thread 0x0000013229ca4000 Exception <a 'java/lang/ArrayIndexOutOfBoundsException': 66> (0x00000000d5f3c3f8) thrown at [C:\jenkins\workspace\8-2-build-windows-amd64-cygwin\jdk8u261\295\hotspot\src\share\vm\interpreter\interpreterRuntime.cpp, line 368]
Event: 5.734 Thread 0x0000013229ca4000 Exception <a 'java/lang/NoClassDefFoundError': com/google/inject/servlet/ServletModuleTargetVisitor> (0x00000000d63e4ea8) thrown at [C:\jenkins\workspace\8-2-build-windows-amd64-cygwin\jdk8u261\295\hotspot\src\share\vm\classfile\systemDictionary.cpp, line
Event: 5.734 Thread 0x0000013229ca4000 Exception <a 'java/lang/NoClassDefFoundError'> (0x00000000d63e4ea8) thrown at [C:\jenkins\workspace\8-2-build-windows-amd64-cygwin\jdk8u261\295\hotspot\src\share\vm\prims\jvm.cpp, line 1516]
Event: 5.734 Thread 0x0000013229ca4000 Exception <a 'java/lang/NoClassDefFoundError': javax/annotation/Priority> (0x00000000d63ebfd0) thrown at [C:\jenkins\workspace\8-2-build-windows-amd64-cygwin\jdk8u261\295\hotspot\src\share\vm\classfile\systemDictionary.cpp, line 199]
Event: 5.875 Thread 0x0000013229ca4000 Exception <a 'java/lang/NullPointerException'> (0x00000000d68e9368) thrown at [C:\jenkins\workspace\8-2-build-windows-amd64-cygwin\jdk8u261\295\hotspot\src\share\vm\interpreter\linkResolver.cpp, line 1185]
Event: 5.875 Thread 0x0000013229ca4000 Exception <a 'java/lang/NullPointerException'> (0x00000000d68e9580) thrown at [C:\jenkins\workspace\8-2-build-windows-amd64-cygwin\jdk8u261\295\hotspot\src\share\vm\interpreter\linkResolver.cpp, line 1185]
Event: 5.875 Thread 0x0000013229ca4000 Exception <a 'java/lang/NullPointerException'> (0x00000000d68e9798) thrown at [C:\jenkins\workspace\8-2-build-windows-amd64-cygwin\jdk8u261\295\hotspot\src\share\vm\interpreter\linkResolver.cpp, line 1185]
Event: 5.876 Thread 0x0000013229ca4000 Exception <a 'java/lang/NullPointerException'> (0x00000000d68f31b8) thrown at [C:\jenkins\workspace\8-2-build-windows-amd64-cygwin\jdk8u261\295\hotspot\src\share\vm\interpreter\linkResolver.cpp, line 1185]
Event: 5.876 Thread 0x0000013229ca4000 Exception <a 'java/lang/NullPointerException'> (0x00000000d68f33d0) thrown at [C:\jenkins\workspace\8-2-build-windows-amd64-cygwin\jdk8u261\295\hotspot\src\share\vm\interpreter\linkResolver.cpp, line 1185]
Event: 5.876 Thread 0x0000013229ca4000 Exception <a 'java/lang/NullPointerException'> (0x00000000d68f35e8) thrown at [C:\jenkins\workspace\8-2-build-windows-amd64-cygwin\jdk8u261\295\hotspot\src\share\vm\interpreter\linkResolver.cpp, line 1185]

Events (10 events):
Event: 6.216 loading class org/eclipse/aether/internal/impl/collect/DataPool$GraphKey
Event: 6.216 loading class org/eclipse/aether/internal/impl/collect/DataPool$GraphKey done
Event: 6.220 Thread 0x0000013229ca4000 DEOPT PACKING pc=0x000001322bd1259a sp=0x000000125bdfcc80
Event: 6.220 Thread 0x0000013229ca4000 DEOPT UNPACKING pc=0x000001322b7b7898 sp=0x000000125bdfcb00 mode 0
Event: 6.224 Thread 0x0000013229ca4000 DEOPT PACKING pc=0x000001322bd080db sp=0x000000125bdfcaf0
Event: 6.224 Thread 0x0000013229ca4000 DEOPT UNPACKING pc=0x000001322b7b7898 sp=0x000000125bdfc8f0 mode 0
Event: 6.224 loading class org/apache/maven/model/Exclusion
Event: 6.224 loading class org/apache/maven/model/Exclusion done
Event: 6.230 Thread 0x0000013229ca4000 DEOPT PACKING pc=0x000001322bd080db sp=0x000000125bdfcaf0
Event: 6.230 Thread 0x0000013229ca4000 DEOPT UNPACKING pc=0x000001322b7b7898 sp=0x000000125bdfc8f0 mode 0


Dynamic libraries:
0x00007ff696b60000 - 0x00007ff696ba7000 	C:\Program Files\Java\jre1.8.0_261\bin\javaw.exe
0x00007ffbfb8d0000 - 0x00007ffbfbac8000 	C:\WINDOWS\SYSTEM32\ntdll.dll
0x00007ffbe6d40000 - 0x00007ffbe6d59000 	C:\Program Files\Avast Software\Avast\aswhook.dll
0x00007ffbfa010000 - 0x00007ffbfa0cd000 	C:\WINDOWS\System32\KERNEL32.DLL
0x00007ffbf8fb0000 - 0x00007ffbf92a6000 	C:\WINDOWS\System32\KERNELBASE.dll
0x00007ffbfb750000 - 0x00007ffbfb7ff000 	C:\WINDOWS\System32\ADVAPI32.dll
0x00007ffbfa2c0000 - 0x00007ffbfa35e000 	C:\WINDOWS\System32\msvcrt.dll
0x00007ffbfb070000 - 0x00007ffbfb10c000 	C:\WINDOWS\System32\sechost.dll
0x00007ffbfb560000 - 0x00007ffbfb686000 	C:\WINDOWS\System32\RPCRT4.dll
0x00007ffbfb3c0000 - 0x00007ffbfb55e000 	C:\WINDOWS\System32\USER32.dll
0x00007ffbf92b0000 - 0x00007ffbf92d2000 	C:\WINDOWS\System32\win32u.dll
0x00007ffbfa280000 - 0x00007ffbfa2ac000 	C:\WINDOWS\System32\GDI32.dll
0x00007ffbf97a0000 - 0x00007ffbf98ba000 	C:\WINDOWS\System32\gdi32full.dll
0x00007ffbf9670000 - 0x00007ffbf970d000 	C:\WINDOWS\System32\msvcp_win.dll
0x00007ffbf93c0000 - 0x00007ffbf94c0000 	C:\WINDOWS\System32\ucrtbase.dll
0x00007ffbe7ab0000 - 0x00007ffbe7d4a000 	C:\WINDOWS\WinSxS\amd64_microsoft.windows.common-controls_6595b64144ccf1df_6.0.19041.3636_none_60b6a03d71f818d5\COMCTL32.dll
0x00007ffbf9940000 - 0x00007ffbf9970000 	C:\WINDOWS\System32\IMM32.DLL
0x00007ffbb3a00000 - 0x00007ffbb3a15000 	C:\Program Files\Java\jre1.8.0_261\bin\vcruntime140.dll
0x00007ffbb3960000 - 0x00007ffbb39fb000 	C:\Program Files\Java\jre1.8.0_261\bin\msvcp140.dll
0x0000000077790000 - 0x0000000077ffc000 	C:\Program Files\Java\jre1.8.0_261\bin\server\jvm.dll
0x00007ffbfa2b0000 - 0x00007ffbfa2b8000 	C:\WINDOWS\System32\PSAPI.DLL
0x00007ffbea950000 - 0x00007ffbea977000 	C:\WINDOWS\SYSTEM32\WINMM.dll
0x00007ffbf0b20000 - 0x00007ffbf0b2a000 	C:\WINDOWS\SYSTEM32\VERSION.dll
0x00007ffbe4730000 - 0x00007ffbe4739000 	C:\WINDOWS\SYSTEM32\WSOCK32.dll
0x00007ffbfa360000 - 0x00007ffbfa3cb000 	C:\WINDOWS\System32\WS2_32.dll
0x00007ffbf6e70000 - 0x00007ffbf6e82000 	C:\WINDOWS\SYSTEM32\kernel.appcore.dll
0x00007ffbebd30000 - 0x00007ffbebd40000 	C:\Program Files\Java\jre1.8.0_261\bin\verify.dll
0x00007ffbd0b60000 - 0x00007ffbd0b8b000 	C:\Program Files\Java\jre1.8.0_261\bin\java.dll
0x00007ffbd1050000 - 0x00007ffbd1068000 	C:\Program Files\Java\jre1.8.0_261\bin\zip.dll
0x00007ffbfa480000 - 0x00007ffbfabc4000 	C:\WINDOWS\System32\SHELL32.dll
0x00007ffbf7070000 - 0x00007ffbf780b000 	C:\WINDOWS\SYSTEM32\windows.storage.dll
0x00007ffbfac50000 - 0x00007ffbfafa4000 	C:\WINDOWS\System32\combase.dll
0x00007ffbf89f0000 - 0x00007ffbf8a1d000 	C:\WINDOWS\SYSTEM32\Wldp.dll
0x00007ffbfa3d0000 - 0x00007ffbfa47d000 	C:\WINDOWS\System32\SHCORE.dll
0x00007ffbfb6f0000 - 0x00007ffbfb745000 	C:\WINDOWS\System32\shlwapi.dll
0x00007ffbf8ee0000 - 0x00007ffbf8f05000 	C:\WINDOWS\SYSTEM32\profapi.dll
0x00007ffbf8940000 - 0x00007ffbf8958000 	C:\WINDOWS\SYSTEM32\CRYPTSP.dll
0x00007ffbf8010000 - 0x00007ffbf8044000 	C:\WINDOWS\system32\rsaenh.dll
0x00007ffbf92e0000 - 0x00007ffbf9307000 	C:\WINDOWS\System32\bcrypt.dll
0x00007ffbf8ea0000 - 0x00007ffbf8ece000 	C:\WINDOWS\SYSTEM32\USERENV.dll
0x00007ffbf9710000 - 0x00007ffbf9792000 	C:\WINDOWS\System32\bcryptprimitives.dll
0x00007ffbf8960000 - 0x00007ffbf896c000 	C:\WINDOWS\SYSTEM32\CRYPTBASE.dll
0x00007ffbd0580000 - 0x00007ffbd059c000 	C:\Program Files\Java\jre1.8.0_261\bin\net.dll
0x00007ffbf8750000 - 0x00007ffbf87ba000 	C:\WINDOWS\system32\mswsock.dll
0x00007ffbf83f0000 - 0x00007ffbf842b000 	C:\WINDOWS\SYSTEM32\IPHLPAPI.DLL
0x00007ffbf9930000 - 0x00007ffbf9938000 	C:\WINDOWS\System32\NSI.dll
0x00007ffbf0270000 - 0x00007ffbf0287000 	C:\WINDOWS\SYSTEM32\dhcpcsvc6.DLL
0x00007ffbf0880000 - 0x00007ffbf089d000 	C:\WINDOWS\SYSTEM32\dhcpcsvc.DLL
0x00007ffbf8440000 - 0x00007ffbf850a000 	C:\WINDOWS\SYSTEM32\DNSAPI.dll
0x00007ffbd03b0000 - 0x00007ffbd03c3000 	C:\Program Files\Java\jre1.8.0_261\bin\nio.dll
0x00007ffbf5490000 - 0x00007ffbf549a000 	C:\Users\Santhu\AppData\Local\Temp\jansi-1.17.1-1405731656440820263.dll
0x00007ffbf38b0000 - 0x00007ffbf38ba000 	C:\Users\Santhu\AppData\Local\Temp\jansi-1.17.1-5546777143224872045.dll
0x00007ffbf3cf0000 - 0x00007ffbf3ed4000 	C:\WINDOWS\SYSTEM32\dbghelp.dll

VM Arguments:
jvm_args: -Dmaven.home=EMBEDDED -Dclassworlds.conf=C:\Users\Santhu\eclipse-workspace1\.metadata\.plugins\org.eclipse.m2e.launching\launches\m2conf4215462424334266011.tmp -Dmaven.multiModuleProjectDirectory=C:\Users\Santhu\eclipse-workspace1\RTO -Dfile.encoding=Cp1252 
java_command: org.codehaus.plexus.classworlds.launcher.Launcher -B clean
java_class_path (initial): C:\Users\Santhu\.p2\pool\plugins\org.eclipse.m2e.maven.runtime_1.15.0.20200310-1832\jars\plexus-classworlds-2.6.0.jar
Launcher Type: SUN_STANDARD

Environment Variables:
JAVA_HOME=C:\Program Files\Java\jdk1.8.0_261
PATH=C:/Program Files/Java/jre1.8.0_261/bin/server;C:/Program Files/Java/jre1.8.0_261/bin;C:/Program Files/Java/jre1.8.0_261/lib/amd64;C:\Program Files (x86)\Intel\iCLS Client\;C:\Program Files\Intel\iCLS Client\;C:\Python39\Scripts\;C:\Python39\;C:\Program Files (x86)\Common Files\Oracle\Java\javapath;C:\WINDOWS\system32;C:\WINDOWS;C:\WINDOWS\System32\Wbem;C:\WINDOWS\System32\WindowsPowerShell\v1.0\;C:\WINDOWS\System32\OpenSSH\;C:\Program Files (x86)\Windows Kits\8.1\Windows Performance Toolkit\;C:\Program Files\Java\jdk1.8.0_261\bin;C:\Program Files\Git\cmd;C:\Program Files\nodejs\;C:\ProgramData\chocolatey\bin;C:\Program Files (x86)\Microsoft SQL Server\100\Tools\Binn\;C:\Program Files\Microsoft SQL Server\100\Tools\Binn\;C:\Program Files\Microsoft SQL Server\100\DTS\Binn\;C:\Program Files\dotnet\;C:\Program Files (x86)\Intel\Intel(R) Management Engine Components\DAL;C:\Program Files\Intel\Intel(R) Management Engine Components\DAL;C:\Program Files (x86)\Intel\Intel(R) Management Engine Components\IPT;C:\Program Files\Intel\Intel(R) Management Engine Components\IPT;C:\Program Files\Intel\WiFi\bin\;C:\Program Files\Common Files\Intel\WirelessCommon\;C:\Users\Santhu\AppData\Local\Programs\Python\Python310\Scripts\;C:\Users\Santhu\AppData\Local\Programs\Python\Python310\;C:\Program Files\MySQL\MySQL Shell 8.0\bin\;C:\Users\Santhu\AppData\Local\Microsoft\WindowsApps;C:\Users\Santhu\AppData\Local\Programs\Microsoft VS Code\bin;C:\Users\Santhu\AppData\Roaming\npm;C:\Users\Santhu\Downloads\apache-tomcat-9.0.38\bin;;C:\WINDOWS\System32;
USERNAME=Santhu
OS=Windows_NT
PROCESSOR_IDENTIFIER=Intel64 Family 6 Model 60 Stepping 3, GenuineIntel



---------------  S Y S T E M  ---------------

OS: Windows 10.0 , 64 bit Build 19041 (10.0.19041.3636)

CPU:total 8 (initial active 8) (4 cores per cpu, 2 threads per core) family 6 model 60 stepping 3, cmov, cx8, fxsr, mmx, sse, sse2, sse3, ssse3, sse4.1, sse4.2, popcnt, avx, avx2, aes, clmul, erms, lzcnt, ht, tsc, tscinvbit, bmi1, bmi2

Memory: 4k page, physical 8289244k(2065228k free), swap 10386396k(6800k free)

vm_info: Java HotSpot(TM) 64-Bit Server VM (25.261-b12) for windows-amd64 JRE (1.8.0_261-b12), built on Jun 18 2020 06:56:32 by "" with unknown MS VC++:1916

time: Fri Dec  1 12:57:40 2023
timezone: India Standard Time
elapsed time: 6 seconds (0d 0h 0m 6s)

