#
# There is insufficient memory for the Java Runtime Environment to continue.
# Native memory allocation (malloc) failed to allocate 637936 bytes for Chunk::new
# Possible reasons:
#   The system is out of physical RAM or swap space
#   The process is running with CompressedOops enabled, and the Java Heap may be blocking the growth of the native heap
# Possible solutions:
#   Reduce memory load on the system
#   Increase physical memory or swap space
#   Check if swap backing store is full
#   Decrease Java heap size (-Xmx/-Xms)
#   Decrease number of Java threads
#   Decrease Java thread stack sizes (-Xss)
#   Set larger code cache with -XX:ReservedCodeCacheSize=
#   JVM is running with Unscaled Compressed Oops mode in which the Java heap is
#     placed in the first 4GB address space. The Java Heap base address is the
#     maximum limit for the native heap growth. Please use -XX:HeapBaseMinAddress
#     to set the Java Heap base and to place the Java Heap above 4GB virtual address.
# This output file may be truncated or incomplete.
#
#  Out of Memory Error (allocation.cpp:389), pid=15048, tid=0x00000000000035ac
#
# JRE version: Java(TM) SE Runtime Environment (8.0_261-b12) (build 1.8.0_261-b12)
# Java VM: Java HotSpot(TM) 64-Bit Server VM (25.261-b12 mixed mode windows-amd64 compressed oops)
# Failed to write core dump. Minidumps are not enabled by default on client versions of Windows
#

---------------  T H R E A D  ---------------

Current thread (0x0000013df8439800):  JavaThread "C2 CompilerThread1" daemon [_thread_in_native, id=13740, stack(0x0000003a8dc00000,0x0000003a8dd00000)]

Stack: [0x0000003a8dc00000,0x0000003a8dd00000]
Native frames: (J=compiled Java code, j=interpreted, Vv=VM code, C=native code)
V  [jvm.dll+0x33e5f9]


Current CompileTask:
C2:   1597  605   !   4       sun.nio.cs.StreamDecoder::read0 (116 bytes)


---------------  P R O C E S S  ---------------

Java Threads: ( => current thread )
  0x0000013df97f2800 JavaThread "Service Thread" daemon [_thread_blocked, id=3848, stack(0x0000003a8df00000,0x0000003a8e000000)]
  0x0000013df8462800 JavaThread "C1 CompilerThread3" daemon [_thread_in_native, id=12356, stack(0x0000003a8de00000,0x0000003a8df00000)]
  0x0000013df843d000 JavaThread "C2 CompilerThread2" daemon [_thread_blocked, id=4808, stack(0x0000003a8dd00000,0x0000003a8de00000)]
=>0x0000013df8439800 JavaThread "C2 CompilerThread1" daemon [_thread_in_native, id=13740, stack(0x0000003a8dc00000,0x0000003a8dd00000)]
  0x0000013df8433800 JavaThread "C2 CompilerThread0" daemon [_thread_in_native, id=8656, stack(0x0000003a8db00000,0x0000003a8dc00000)]
  0x0000013df8432800 JavaThread "Attach Listener" daemon [_thread_blocked, id=14340, stack(0x0000003a8da00000,0x0000003a8db00000)]
  0x0000013df8431000 JavaThread "Signal Dispatcher" daemon [_thread_blocked, id=14156, stack(0x0000003a8d900000,0x0000003a8da00000)]
  0x0000013df8412000 JavaThread "Finalizer" daemon [_thread_blocked, id=880, stack(0x0000003a8d800000,0x0000003a8d900000)]
  0x0000013df83ea800 JavaThread "Reference Handler" daemon [_thread_blocked, id=16164, stack(0x0000003a8d700000,0x0000003a8d800000)]
  0x0000013df0884800 JavaThread "main" [_thread_in_native, id=16884, stack(0x0000003a8cd00000,0x0000003a8ce00000)]

Other Threads:
  0x0000013df83e2800 VMThread [stack: 0x0000003a8d600000,0x0000003a8d700000] [id=1680]
  0x0000013df97f4000 WatcherThread [stack: 0x0000003a8e000000,0x0000003a8e100000] [id=14872]

VM state:not at safepoint (normal execution)

VM Mutex/Monitor currently owned by a thread: None

heap address: 0x0000000081800000, size: 2024 MB, Compressed Oops mode: 32-bit
Narrow klass base: 0x0000000000000000, Narrow klass shift: 3
Compressed class space size: 1073741824 Address: 0x0000000100000000

Heap:
 PSYoungGen      total 38400K, used 6126K [0x00000000d5d80000, 0x00000000d8800000, 0x0000000100000000)
  eden space 33280K, 3% used [0x00000000d5d80000,0x00000000d5e7fcd0,0x00000000d7e00000)
  from space 5120K, 99% used [0x00000000d7e00000,0x00000000d82fbb58,0x00000000d8300000)
  to   space 5120K, 0% used [0x00000000d8300000,0x00000000d8300000,0x00000000d8800000)
 ParOldGen       total 87552K, used 245K [0x0000000081800000, 0x0000000086d80000, 0x00000000d5d80000)
  object space 87552K, 0% used [0x0000000081800000,0x000000008183d630,0x0000000086d80000)
 Metaspace       used 8545K, capacity 8684K, committed 8832K, reserved 1056768K
  class space    used 1042K, capacity 1112K, committed 1152K, reserved 1048576K

Card table byte_map: [0x0000013df2520000,0x0000013df2920000] byte_map_base: 0x0000013df2114000

Marking Bits: (ParMarkBitMap*) 0x0000000077f84fb0
 Begin Bits: [0x0000013df2bd0000, 0x0000013df4b70000)
 End Bits:   [0x0000013df4b70000, 0x0000013df6b10000)

Polling page: 0x0000013df0830000

CodeCache: size=245760Kb used=3292Kb max_used=3292Kb free=242467Kb
 bounds [0x0000013d80000000, 0x0000013d80340000, 0x0000013d8f000000]
 total_blobs=1063 nmethods=737 adapters=239
 compilation: enabled

Compilation events (10 events):
Event: 1.576 Thread 0x0000013df8462800 nmethod 717 0x0000013d8032a8d0 code [0x0000013d8032aa40, 0x0000013d8032ac18]
Event: 1.576 Thread 0x0000013df8462800  718       3       java.util.regex.Pattern$7::isSatisfiedBy (28 bytes)
Event: 1.576 Thread 0x0000013df8462800 nmethod 718 0x0000013d8032a290 code [0x0000013d8032a420, 0x0000013d8032a7c0]
Event: 1.576 Thread 0x0000013df8462800  720       3       java.io.BufferedReader::readLine (6 bytes)
Event: 1.576 Thread 0x0000013df8462800 nmethod 720 0x0000013d80329ed0 code [0x0000013d8032a040, 0x0000013d8032a1f0]
Event: 1.577 Thread 0x0000013df843d000 nmethod 719 0x0000013d80329c10 code [0x0000013d80329d40, 0x0000013d80329df8]
Event: 1.577 Thread 0x0000013df8462800  721       3       java.util.regex.Pattern$Curly::match0 (174 bytes)
Event: 1.578 Thread 0x0000013df8462800 nmethod 721 0x0000013d80332290 code [0x0000013d80332480, 0x0000013d80332ec0]
Event: 1.579 Thread 0x0000013df8462800  722       3       java.util.regex.Pattern$Curly::match (86 bytes)
Event: 1.580 Thread 0x0000013df8462800 nmethod 722 0x0000013d80331910 code [0x0000013d80331ac0, 0x0000013d803320c0]

GC Heap History (1 events):
Event: 1.582 GC heap before
{Heap before GC invocations=1 (full 0):
 PSYoungGen      total 38400K, used 33280K [0x00000000d5d80000, 0x00000000d8800000, 0x0000000100000000)
  eden space 33280K, 100% used [0x00000000d5d80000,0x00000000d7e00000,0x00000000d7e00000)
  from space 5120K, 0% used [0x00000000d8300000,0x00000000d8300000,0x00000000d8800000)
  to   space 5120K, 0% used [0x00000000d7e00000,0x00000000d7e00000,0x00000000d8300000)
 ParOldGen       total 87552K, used 0K [0x0000000081800000, 0x0000000086d80000, 0x00000000d5d80000)
  object space 87552K, 0% used [0x0000000081800000,0x0000000081800000,0x0000000086d80000)
 Metaspace       used 8477K, capacity 8620K, committed 8832K, reserved 1056768K
  class space    used 1038K, capacity 1112K, committed 1152K, reserved 1048576K

Deoptimization events (7 events):
Event: 1.442 Thread 0x0000013df0884800 Uncommon trap: reason=unstable_if action=reinterpret pc=0x0000013d801e9764 method=org.codehaus.plexus.util.xml.pull.MXParser.more()C @ 8
Event: 1.490 Thread 0x0000013df0884800 Uncommon trap: reason=unstable_if action=reinterpret pc=0x0000013d802d367c method=java.nio.charset.CoderResult.isOverflow()Z @ 5
Event: 1.510 Thread 0x0000013df0884800 Uncommon trap: reason=unstable_if action=reinterpret pc=0x0000013d802e0ca8 method=sun.nio.cs.StreamDecoder.implRead([CII)I @ 197
Event: 1.515 Thread 0x0000013df0884800 Uncommon trap: reason=unstable_if action=reinterpret pc=0x0000013d802cd170 method=sun.nio.cs.StreamDecoder.implRead([CII)I @ 197
Event: 1.518 Thread 0x0000013df0884800 Uncommon trap: reason=unstable_if action=reinterpret pc=0x0000013d802f0848 method=sun.nio.cs.StreamDecoder.implRead([CII)I @ 71
Event: 1.536 Thread 0x0000013df0884800 Uncommon trap: reason=unstable_if action=reinterpret pc=0x0000013d802ffedc method=sun.nio.cs.StreamDecoder.read([CII)I @ 136
Event: 1.540 Thread 0x0000013df0884800 Uncommon trap: reason=unstable_if action=reinterpret pc=0x0000013d803028b0 method=org.codehaus.plexus.util.xml.pull.MXParser.nextImpl()I @ 1046

Classes redefined (0 events):
No events

Internal exceptions (10 events):
Event: 0.065 Thread 0x0000013df0884800 Exception <a 'java/lang/NoSuchMethodError': Method sun.misc.Unsafe.prefetchRead(Ljava/lang/Object;J)V name or signature does not match> (0x00000000d5d87fa8) thrown at [C:\jenkins\workspace\8-2-build-windows-amd64-cygwin\jdk8u261\295\hotspot\src\share\vm\p
Event: 0.385 Thread 0x0000013df0884800 Exception <a 'java/security/PrivilegedActionException'> (0x00000000d6121008) thrown at [C:\jenkins\workspace\8-2-build-windows-amd64-cygwin\jdk8u261\295\hotspot\src\share\vm\prims\jvm.cpp, line 1512]
Event: 0.385 Thread 0x0000013df0884800 Exception <a 'java/security/PrivilegedActionException'> (0x00000000d6121218) thrown at [C:\jenkins\workspace\8-2-build-windows-amd64-cygwin\jdk8u261\295\hotspot\src\share\vm\prims\jvm.cpp, line 1512]
Event: 0.386 Thread 0x0000013df0884800 Exception <a 'java/security/PrivilegedActionException'> (0x00000000d6125070) thrown at [C:\jenkins\workspace\8-2-build-windows-amd64-cygwin\jdk8u261\295\hotspot\src\share\vm\prims\jvm.cpp, line 1512]
Event: 0.386 Thread 0x0000013df0884800 Exception <a 'java/security/PrivilegedActionException'> (0x00000000d6125280) thrown at [C:\jenkins\workspace\8-2-build-windows-amd64-cygwin\jdk8u261\295\hotspot\src\share\vm\prims\jvm.cpp, line 1512]
Event: 1.422 Thread 0x0000013df0884800 Exception <a 'java/lang/ArrayIndexOutOfBoundsException'> (0x00000000d72f8948) thrown at [C:\jenkins\workspace\8-2-build-windows-amd64-cygwin\jdk8u261\295\hotspot\src\share\vm\runtime\sharedRuntime.cpp, line 605]
Event: 1.426 Thread 0x0000013df0884800 Exception <a 'java/lang/ArrayIndexOutOfBoundsException'> (0x00000000d731bb38) thrown at [C:\jenkins\workspace\8-2-build-windows-amd64-cygwin\jdk8u261\295\hotspot\src\share\vm\runtime\sharedRuntime.cpp, line 605]
Event: 1.432 Thread 0x0000013df0884800 Exception <a 'java/lang/ArrayIndexOutOfBoundsException'> (0x00000000d735e470) thrown at [C:\jenkins\workspace\8-2-build-windows-amd64-cygwin\jdk8u261\295\hotspot\src\share\vm\runtime\sharedRuntime.cpp, line 605]
Event: 1.546 Thread 0x0000013df0884800 Exception <a 'java/lang/ArrayIndexOutOfBoundsException'> (0x00000000d7c7f2b8) thrown at [C:\jenkins\workspace\8-2-build-windows-amd64-cygwin\jdk8u261\295\hotspot\src\share\vm\runtime\sharedRuntime.cpp, line 605]
Event: 1.547 Thread 0x0000013df0884800 Exception <a 'java/lang/ArrayIndexOutOfBoundsException'> (0x00000000d7c80e48) thrown at [C:\jenkins\workspace\8-2-build-windows-amd64-cygwin\jdk8u261\295\hotspot\src\share\vm\runtime\sharedRuntime.cpp, line 605]

Events (10 events):
Event: 1.570 loading class org/eclipse/sisu/inject/Logs done
Event: 1.570 loading class org/eclipse/sisu/inject/Logs$Sink
Event: 1.570 loading class org/eclipse/sisu/inject/Logs$Sink done
Event: 1.571 loading class org/eclipse/sisu/inject/Logs$SLF4JSink
Event: 1.571 loading class org/eclipse/sisu/inject/Logs$SLF4JSink done
Event: 1.580 loading class org/eclipse/sisu/space/IndexedClassFinder$1
Event: 1.580 loading class org/eclipse/sisu/space/IndexedClassFinder$1 done
Event: 1.581 loading class org/eclipse/sisu/space/asm/ClassReader
Event: 1.581 loading class org/eclipse/sisu/space/asm/ClassReader done
Event: 1.582 Executing VM operation: ParallelGCFailedAllocation


Dynamic libraries:
0x00007ff696b60000 - 0x00007ff696ba7000 	C:\Program Files\Java\jre1.8.0_261\bin\javaw.exe
0x00007ffbfb8d0000 - 0x00007ffbfbac8000 	C:\WINDOWS\SYSTEM32\ntdll.dll
0x00007ffbe6d40000 - 0x00007ffbe6d59000 	C:\Program Files\Avast Software\Avast\aswhook.dll
0x00007ffbfa010000 - 0x00007ffbfa0cd000 	C:\WINDOWS\System32\KERNEL32.DLL
0x00007ffbf8fb0000 - 0x00007ffbf92a6000 	C:\WINDOWS\System32\KERNELBASE.dll
0x00007ffbfb750000 - 0x00007ffbfb7ff000 	C:\WINDOWS\System32\ADVAPI32.dll
0x00007ffbfa2c0000 - 0x00007ffbfa35e000 	C:\WINDOWS\System32\msvcrt.dll
0x00007ffbfb070000 - 0x00007ffbfb10c000 	C:\WINDOWS\System32\sechost.dll
0x00007ffbfb560000 - 0x00007ffbfb686000 	C:\WINDOWS\System32\RPCRT4.dll
0x00007ffbfb3c0000 - 0x00007ffbfb55e000 	C:\WINDOWS\System32\USER32.dll
0x00007ffbf92b0000 - 0x00007ffbf92d2000 	C:\WINDOWS\System32\win32u.dll
0x00007ffbfa280000 - 0x00007ffbfa2ac000 	C:\WINDOWS\System32\GDI32.dll
0x00007ffbf97a0000 - 0x00007ffbf98ba000 	C:\WINDOWS\System32\gdi32full.dll
0x00007ffbf9670000 - 0x00007ffbf970d000 	C:\WINDOWS\System32\msvcp_win.dll
0x00007ffbf93c0000 - 0x00007ffbf94c0000 	C:\WINDOWS\System32\ucrtbase.dll
0x00007ffbe7ab0000 - 0x00007ffbe7d4a000 	C:\WINDOWS\WinSxS\amd64_microsoft.windows.common-controls_6595b64144ccf1df_6.0.19041.3636_none_60b6a03d71f818d5\COMCTL32.dll
0x00007ffbf9940000 - 0x00007ffbf9970000 	C:\WINDOWS\System32\IMM32.DLL
0x00007ffbb3a00000 - 0x00007ffbb3a15000 	C:\Program Files\Java\jre1.8.0_261\bin\vcruntime140.dll
0x00007ffbb3960000 - 0x00007ffbb39fb000 	C:\Program Files\Java\jre1.8.0_261\bin\msvcp140.dll
0x0000000077790000 - 0x0000000077ffc000 	C:\Program Files\Java\jre1.8.0_261\bin\server\jvm.dll
0x00007ffbfa2b0000 - 0x00007ffbfa2b8000 	C:\WINDOWS\System32\PSAPI.DLL
0x00007ffbea950000 - 0x00007ffbea977000 	C:\WINDOWS\SYSTEM32\WINMM.dll
0x00007ffbe4730000 - 0x00007ffbe4739000 	C:\WINDOWS\SYSTEM32\WSOCK32.dll
0x00007ffbf0b20000 - 0x00007ffbf0b2a000 	C:\WINDOWS\SYSTEM32\VERSION.dll
0x00007ffbfa360000 - 0x00007ffbfa3cb000 	C:\WINDOWS\System32\WS2_32.dll
0x00007ffbf6e70000 - 0x00007ffbf6e82000 	C:\WINDOWS\SYSTEM32\kernel.appcore.dll
0x00007ffbebd30000 - 0x00007ffbebd40000 	C:\Program Files\Java\jre1.8.0_261\bin\verify.dll
0x00007ffbd0b60000 - 0x00007ffbd0b8b000 	C:\Program Files\Java\jre1.8.0_261\bin\java.dll
0x00007ffbd1050000 - 0x00007ffbd1068000 	C:\Program Files\Java\jre1.8.0_261\bin\zip.dll
0x00007ffbfa480000 - 0x00007ffbfabc4000 	C:\WINDOWS\System32\SHELL32.dll
0x00007ffbf7070000 - 0x00007ffbf780b000 	C:\WINDOWS\SYSTEM32\windows.storage.dll
0x00007ffbfac50000 - 0x00007ffbfafa4000 	C:\WINDOWS\System32\combase.dll
0x00007ffbf89f0000 - 0x00007ffbf8a1d000 	C:\WINDOWS\SYSTEM32\Wldp.dll
0x00007ffbfa3d0000 - 0x00007ffbfa47d000 	C:\WINDOWS\System32\SHCORE.dll
0x00007ffbfb6f0000 - 0x00007ffbfb745000 	C:\WINDOWS\System32\shlwapi.dll
0x00007ffbf8ee0000 - 0x00007ffbf8f05000 	C:\WINDOWS\SYSTEM32\profapi.dll
0x00007ffbf8940000 - 0x00007ffbf8958000 	C:\WINDOWS\SYSTEM32\CRYPTSP.dll
0x00007ffbf8010000 - 0x00007ffbf8044000 	C:\WINDOWS\system32\rsaenh.dll
0x00007ffbf92e0000 - 0x00007ffbf9307000 	C:\WINDOWS\System32\bcrypt.dll
0x00007ffbf8ea0000 - 0x00007ffbf8ece000 	C:\WINDOWS\SYSTEM32\USERENV.dll
0x00007ffbf9710000 - 0x00007ffbf9792000 	C:\WINDOWS\System32\bcryptprimitives.dll
0x00007ffbf8960000 - 0x00007ffbf896c000 	C:\WINDOWS\SYSTEM32\CRYPTBASE.dll
0x00007ffbd0580000 - 0x00007ffbd059c000 	C:\Program Files\Java\jre1.8.0_261\bin\net.dll
0x00007ffbf8750000 - 0x00007ffbf87ba000 	C:\WINDOWS\system32\mswsock.dll
0x00007ffbf83f0000 - 0x00007ffbf842b000 	C:\WINDOWS\SYSTEM32\IPHLPAPI.DLL
0x00007ffbf9930000 - 0x00007ffbf9938000 	C:\WINDOWS\System32\NSI.dll
0x00007ffbf0270000 - 0x00007ffbf0287000 	C:\WINDOWS\SYSTEM32\dhcpcsvc6.DLL
0x00007ffbf0880000 - 0x00007ffbf089d000 	C:\WINDOWS\SYSTEM32\dhcpcsvc.DLL
0x00007ffbf8440000 - 0x00007ffbf850a000 	C:\WINDOWS\SYSTEM32\DNSAPI.dll
0x00007ffbd03b0000 - 0x00007ffbd03c3000 	C:\Program Files\Java\jre1.8.0_261\bin\nio.dll
0x00007ffbf5490000 - 0x00007ffbf549a000 	C:\Users\Santhu\AppData\Local\Temp\jansi-1.17.1-6837333559622980195.dll
0x00007ffbf38b0000 - 0x00007ffbf38ba000 	C:\Users\Santhu\AppData\Local\Temp\jansi-1.17.1-6932156021854175769.dll

VM Arguments:
jvm_args: -Dmaven.home=EMBEDDED -Dclassworlds.conf=C:\Users\Santhu\eclipse-workspace1\.metadata\.plugins\org.eclipse.m2e.launching\launches\m2conf7292153151046444365.tmp -Dmaven.multiModuleProjectDirectory=C:\Users\Santhu\eclipse-workspace1\RTO -Dfile.encoding=Cp1252 
java_command: org.codehaus.plexus.classworlds.launcher.Launcher -B install
java_class_path (initial): C:\Users\Santhu\.p2\pool\plugins\org.eclipse.m2e.maven.runtime_1.15.0.20200310-1832\jars\plexus-classworlds-2.6.0.jar
Launcher Type: SUN_STANDARD

Environment Variables:
JAVA_HOME=C:\Program Files\Java\jdk1.8.0_261
PATH=C:/Program Files/Java/jre1.8.0_261/bin/server;C:/Program Files/Java/jre1.8.0_261/bin;C:/Program Files/Java/jre1.8.0_261/lib/amd64;C:\Program Files (x86)\Intel\iCLS Client\;C:\Program Files\Intel\iCLS Client\;C:\Python39\Scripts\;C:\Python39\;C:\Program Files (x86)\Common Files\Oracle\Java\javapath;C:\WINDOWS\system32;C:\WINDOWS;C:\WINDOWS\System32\Wbem;C:\WINDOWS\System32\WindowsPowerShell\v1.0\;C:\WINDOWS\System32\OpenSSH\;C:\Program Files (x86)\Windows Kits\8.1\Windows Performance Toolkit\;C:\Program Files\Java\jdk1.8.0_261\bin;C:\Program Files\Git\cmd;C:\Program Files\nodejs\;C:\ProgramData\chocolatey\bin;C:\Program Files (x86)\Microsoft SQL Server\100\Tools\Binn\;C:\Program Files\Microsoft SQL Server\100\Tools\Binn\;C:\Program Files\Microsoft SQL Server\100\DTS\Binn\;C:\Program Files\dotnet\;C:\Program Files (x86)\Intel\Intel(R) Management Engine Components\DAL;C:\Program Files\Intel\Intel(R) Management Engine Components\DAL;C:\Program Files (x86)\Intel\Intel(R) Management Engine Components\IPT;C:\Program Files\Intel\Intel(R) Management Engine Components\IPT;C:\Program Files\Intel\WiFi\bin\;C:\Program Files\Common Files\Intel\WirelessCommon\;C:\Users\Santhu\AppData\Local\Programs\Python\Python310\Scripts\;C:\Users\Santhu\AppData\Local\Programs\Python\Python310\;C:\Program Files\MySQL\MySQL Shell 8.0\bin\;C:\Users\Santhu\AppData\Local\Microsoft\WindowsApps;C:\Users\Santhu\AppData\Local\Programs\Microsoft VS Code\bin;C:\Users\Santhu\AppData\Roaming\npm;C:\Users\Santhu\Downloads\apache-tomcat-9.0.38\bin;;C:\WINDOWS\System32;
USERNAME=Santhu
OS=Windows_NT
PROCESSOR_IDENTIFIER=Intel64 Family 6 Model 60 Stepping 3, GenuineIntel



---------------  S Y S T E M  ---------------

OS: Windows 10.0 , 64 bit Build 19041 (10.0.19041.3636)

CPU:total 8 (initial active 8) (4 cores per cpu, 2 threads per core) family 6 model 60 stepping 3, cmov, cx8, fxsr, mmx, sse, sse2, sse3, ssse3, sse4.1, sse4.2, popcnt, avx, avx2, aes, clmul, erms, lzcnt, ht, tsc, tscinvbit, bmi1, bmi2

Memory: 4k page, physical 8289244k(2075520k free), swap 10386396k(5352k free)

vm_info: Java HotSpot(TM) 64-Bit Server VM (25.261-b12) for windows-amd64 JRE (1.8.0_261-b12), built on Jun 18 2020 06:56:32 by "" with unknown MS VC++:1916

time: Fri Dec  1 12:58:35 2023
timezone: India Standard Time
elapsed time: 1 seconds (0d 0h 0m 1s)

