#
# There is insufficient memory for the Java Runtime Environment to continue.
# Native memory allocation (malloc) failed to allocate 2391536 bytes for Chunk::new
# Possible reasons:
#   The system is out of physical RAM or swap space
#   The process is running with CompressedOops enabled, and the Java Heap may be blocking the growth of the native heap
# Possible solutions:
#   Reduce memory load on the system
#   Increase physical memory or swap space
#   Check if swap backing store is full
#   Decrease Java heap size (-Xmx/-Xms)
#   Decrease number of Java threads
#   Decrease Java thread stack sizes (-Xss)
#   Set larger code cache with -XX:ReservedCodeCacheSize=
#   JVM is running with Unscaled Compressed Oops mode in which the Java heap is
#     placed in the first 4GB address space. The Java Heap base address is the
#     maximum limit for the native heap growth. Please use -XX:HeapBaseMinAddress
#     to set the Java Heap base and to place the Java Heap above 4GB virtual address.
# This output file may be truncated or incomplete.
#
#  Out of Memory Error (allocation.cpp:389), pid=2196, tid=0x0000000000003508
#
# JRE version: Java(TM) SE Runtime Environment (8.0_261-b12) (build 1.8.0_261-b12)
# Java VM: Java HotSpot(TM) 64-Bit Server VM (25.261-b12 mixed mode windows-amd64 compressed oops)
# Failed to write core dump. Minidumps are not enabled by default on client versions of Windows
#

---------------  T H R E A D  ---------------

Current thread (0x000001c1f3347800):  JavaThread "C2 CompilerThread2" daemon [_thread_in_native, id=13576, stack(0x0000004675400000,0x0000004675500000)]

Stack: [0x0000004675400000,0x0000004675500000]
Native frames: (J=compiled Java code, j=interpreted, Vv=VM code, C=native code)
V  [jvm.dll+0x33e5f9]
V  [jvm.dll+0x2850e2]
V  [jvm.dll+0x285d8d]
V  [jvm.dll+0x27c895]
V  [jvm.dll+0xe4d6c]
V  [jvm.dll+0xe556c]
V  [jvm.dll+0x47ece3]
V  [jvm.dll+0x446900]
V  [jvm.dll+0x44f8f5]
V  [jvm.dll+0x44ecb5]
V  [jvm.dll+0x439bc7]
V  [jvm.dll+0xbbbcb]
V  [jvm.dll+0xba22b]
V  [jvm.dll+0x24d962]
V  [jvm.dll+0x2a1cfc]
C  [ucrtbase.dll+0x21bb2]
C  [KERNEL32.DLL+0x17344]
C  [ntdll.dll+0x526b1]


Current CompileTask:
C2:   2710 1845       4       java.net.URLClassLoader$1::run (5 bytes)


---------------  P R O C E S S  ---------------

Java Threads: ( => current thread )
  0x000001c1f4700800 JavaThread "Service Thread" daemon [_thread_blocked, id=14808, stack(0x0000004675600000,0x0000004675700000)]
  0x000001c1f3358800 JavaThread "C1 CompilerThread3" daemon [_thread_blocked, id=6624, stack(0x0000004675500000,0x0000004675600000)]
=>0x000001c1f3347800 JavaThread "C2 CompilerThread2" daemon [_thread_in_native, id=13576, stack(0x0000004675400000,0x0000004675500000)]
  0x000001c1f3343000 JavaThread "C2 CompilerThread1" daemon [_thread_in_native, id=11916, stack(0x0000004675300000,0x0000004675400000)]
  0x000001c1f333f800 JavaThread "C2 CompilerThread0" daemon [_thread_in_native, id=14372, stack(0x0000004675200000,0x0000004675300000)]
  0x000001c1f333e000 JavaThread "Attach Listener" daemon [_thread_blocked, id=15412, stack(0x0000004675100000,0x0000004675200000)]
  0x000001c1f333d000 JavaThread "Signal Dispatcher" daemon [_thread_blocked, id=11912, stack(0x0000004675000000,0x0000004675100000)]
  0x000001c1f3320000 JavaThread "Finalizer" daemon [_thread_blocked, id=3924, stack(0x0000004674f00000,0x0000004675000000)]
  0x000001c1dc97a000 JavaThread "Reference Handler" daemon [_thread_blocked, id=12092, stack(0x0000004674e00000,0x0000004674f00000)]
  0x000001c1dc784800 JavaThread "main" [_thread_in_Java, id=10068, stack(0x0000004674400000,0x0000004674500000)]

Other Threads:
  0x000001c1f32f4800 VMThread [stack: 0x0000004674d00000,0x0000004674e00000] [id=10424]
  0x000001c1f33ce800 WatcherThread [stack: 0x0000004675700000,0x0000004675800000] [id=10456]

VM state:not at safepoint (normal execution)

VM Mutex/Monitor currently owned by a thread: None

heap address: 0x0000000081800000, size: 2024 MB, Compressed Oops mode: 32-bit
Narrow klass base: 0x0000000000000000, Narrow klass shift: 3
Compressed class space size: 1073741824 Address: 0x0000000100000000

Heap:
 PSYoungGen      total 38400K, used 25230K [0x00000000d5d80000, 0x00000000d8800000, 0x0000000100000000)
  eden space 33280K, 60% used [0x00000000d5d80000,0x00000000d71279a0,0x00000000d7e00000)
  from space 5120K, 99% used [0x00000000d7e00000,0x00000000d82fc010,0x00000000d8300000)
  to   space 5120K, 0% used [0x00000000d8300000,0x00000000d8300000,0x00000000d8800000)
 ParOldGen       total 87552K, used 6244K [0x0000000081800000, 0x0000000086d80000, 0x00000000d5d80000)
  object space 87552K, 7% used [0x0000000081800000,0x0000000081e192c0,0x0000000086d80000)
 Metaspace       used 15418K, capacity 15672K, committed 15872K, reserved 1062912K
  class space    used 1862K, capacity 1972K, committed 2048K, reserved 1048576K

Card table byte_map: [0x000001c1ed530000,0x000001c1ed930000] byte_map_base: 0x000001c1ed124000

Marking Bits: (ParMarkBitMap*) 0x0000000063774fb0
 Begin Bits: [0x000001c1edbe0000, 0x000001c1efb80000)
 End Bits:   [0x000001c1efb80000, 0x000001c1f1b20000)

Polling page: 0x000001c1dc710000

CodeCache: size=245760Kb used=7797Kb max_used=7797Kb free=237962Kb
 bounds [0x000001c1de170000, 0x000001c1de920000, 0x000001c1ed170000]
 total_blobs=2629 nmethods=2257 adapters=284
 compilation: enabled

Compilation events (10 events):
Event: 2.654 Thread 0x000001c1f3358800 2205       3       java.util.Properties::<init> (6 bytes)
Event: 2.654 Thread 0x000001c1f3358800 nmethod 2205 0x000001c1de8e5d10 code [0x000001c1de8e5ea0, 0x000001c1de8e6130]
Event: 2.654 Thread 0x000001c1f3358800 2206       3       java.util.Properties::<init> (10 bytes)
Event: 2.654 Thread 0x000001c1f3358800 nmethod 2206 0x000001c1de8e5890 code [0x000001c1de8e5a20, 0x000001c1de8e5c50]
Event: 2.656 Thread 0x000001c1f3358800 2207       3       java.util.Collections::unmodifiableList (27 bytes)
Event: 2.657 Thread 0x000001c1f3358800 nmethod 2207 0x000001c1de8e4a50 code [0x000001c1de8e4c20, 0x000001c1de8e5480]
Event: 2.657 Thread 0x000001c1f3358800 2208       3       java.util.Collections$UnmodifiableRandomAccessList::<init> (6 bytes)
Event: 2.658 Thread 0x000001c1f3358800 nmethod 2208 0x000001c1de8f40d0 code [0x000001c1de8f4260, 0x000001c1de8f4610]
Event: 2.658 Thread 0x000001c1f3358800 2209       3       org.codehaus.plexus.util.xml.pull.MXParser::nextImpl (1202 bytes)
Event: 2.659 Thread 0x000001c1f3343000 2210       4       org.codehaus.plexus.util.xml.pull.MXParser::parseAttribute (1641 bytes)

GC Heap History (6 events):
Event: 1.237 GC heap before
{Heap before GC invocations=1 (full 0):
 PSYoungGen      total 38400K, used 33280K [0x00000000d5d80000, 0x00000000d8800000, 0x0000000100000000)
  eden space 33280K, 100% used [0x00000000d5d80000,0x00000000d7e00000,0x00000000d7e00000)
  from space 5120K, 0% used [0x00000000d8300000,0x00000000d8300000,0x00000000d8800000)
  to   space 5120K, 0% used [0x00000000d7e00000,0x00000000d7e00000,0x00000000d8300000)
 ParOldGen       total 87552K, used 0K [0x0000000081800000, 0x0000000086d80000, 0x00000000d5d80000)
  object space 87552K, 0% used [0x0000000081800000,0x0000000081800000,0x0000000086d80000)
 Metaspace       used 8497K, capacity 8684K, committed 8832K, reserved 1056768K
  class space    used 1039K, capacity 1112K, committed 1152K, reserved 1048576K
Event: 1.242 GC heap after
Heap after GC invocations=1 (full 0):
 PSYoungGen      total 38400K, used 5093K [0x00000000d5d80000, 0x00000000d8800000, 0x0000000100000000)
  eden space 33280K, 0% used [0x00000000d5d80000,0x00000000d5d80000,0x00000000d7e00000)
  from space 5120K, 99% used [0x00000000d7e00000,0x00000000d82f95e8,0x00000000d8300000)
  to   space 5120K, 0% used [0x00000000d8300000,0x00000000d8300000,0x00000000d8800000)
 ParOldGen       total 87552K, used 163K [0x0000000081800000, 0x0000000086d80000, 0x00000000d5d80000)
  object space 87552K, 0% used [0x0000000081800000,0x0000000081828e50,0x0000000086d80000)
 Metaspace       used 8497K, capacity 8684K, committed 8832K, reserved 1056768K
  class space    used 1039K, capacity 1112K, committed 1152K, reserved 1048576K
}
Event: 1.671 GC heap before
{Heap before GC invocations=2 (full 0):
 PSYoungGen      total 38400K, used 38373K [0x00000000d5d80000, 0x00000000d8800000, 0x0000000100000000)
  eden space 33280K, 100% used [0x00000000d5d80000,0x00000000d7e00000,0x00000000d7e00000)
  from space 5120K, 99% used [0x00000000d7e00000,0x00000000d82f95e8,0x00000000d8300000)
  to   space 5120K, 0% used [0x00000000d8300000,0x00000000d8300000,0x00000000d8800000)
 ParOldGen       total 87552K, used 163K [0x0000000081800000, 0x0000000086d80000, 0x00000000d5d80000)
  object space 87552K, 0% used [0x0000000081800000,0x0000000081828e50,0x0000000086d80000)
 Metaspace       used 12236K, capacity 12420K, committed 12672K, reserved 1060864K
  class space    used 1527K, capacity 1606K, committed 1664K, reserved 1048576K
Event: 1.677 GC heap after
Heap after GC invocations=2 (full 0):
 PSYoungGen      total 38400K, used 5117K [0x00000000d5d80000, 0x00000000d8800000, 0x0000000100000000)
  eden space 33280K, 0% used [0x00000000d5d80000,0x00000000d5d80000,0x00000000d7e00000)
  from space 5120K, 99% used [0x00000000d8300000,0x00000000d87ff520,0x00000000d8800000)
  to   space 5120K, 0% used [0x00000000d7e00000,0x00000000d7e00000,0x00000000d8300000)
 ParOldGen       total 87552K, used 2495K [0x0000000081800000, 0x0000000086d80000, 0x00000000d5d80000)
  object space 87552K, 2% used [0x0000000081800000,0x0000000081a6fc50,0x0000000086d80000)
 Metaspace       used 12236K, capacity 12420K, committed 12672K, reserved 1060864K
  class space    used 1527K, capacity 1606K, committed 1664K, reserved 1048576K
}
Event: 2.471 GC heap before
{Heap before GC invocations=3 (full 0):
 PSYoungGen      total 38400K, used 38397K [0x00000000d5d80000, 0x00000000d8800000, 0x0000000100000000)
  eden space 33280K, 100% used [0x00000000d5d80000,0x00000000d7e00000,0x00000000d7e00000)
  from space 5120K, 99% used [0x00000000d8300000,0x00000000d87ff520,0x00000000d8800000)
  to   space 5120K, 0% used [0x00000000d7e00000,0x00000000d7e00000,0x00000000d8300000)
 ParOldGen       total 87552K, used 2495K [0x0000000081800000, 0x0000000086d80000, 0x00000000d5d80000)
  object space 87552K, 2% used [0x0000000081800000,0x0000000081a6fc50,0x0000000086d80000)
 Metaspace       used 15286K, capacity 15544K, committed 15872K, reserved 1062912K
  class space    used 1860K, capacity 1972K, committed 2048K, reserved 1048576K
Event: 2.481 GC heap after
Heap after GC invocations=3 (full 0):
 PSYoungGen      total 38400K, used 5104K [0x00000000d5d80000, 0x00000000d8800000, 0x0000000100000000)
  eden space 33280K, 0% used [0x00000000d5d80000,0x00000000d5d80000,0x00000000d7e00000)
  from space 5120K, 99% used [0x00000000d7e00000,0x00000000d82fc010,0x00000000d8300000)
  to   space 5120K, 0% used [0x00000000d8300000,0x00000000d8300000,0x00000000d8800000)
 ParOldGen       total 87552K, used 6244K [0x0000000081800000, 0x0000000086d80000, 0x00000000d5d80000)
  object space 87552K, 7% used [0x0000000081800000,0x0000000081e192c0,0x0000000086d80000)
 Metaspace       used 15286K, capacity 15544K, committed 15872K, reserved 1062912K
  class space    used 1860K, capacity 1972K, committed 2048K, reserved 1048576K
}

Deoptimization events (10 events):
Event: 2.177 Thread 0x000001c1dc784800 Uncommon trap: reason=null_check action=make_not_entrant pc=0x000001c1de774480 method=org.apache.maven.model.io.xpp3.MavenXpp3Reader.checkFieldWithDuplicate(Lorg/codehaus/plexus/util/xml/pull/XmlPullParser;Ljava/lang/String;Ljava/lang/String;Ljava/util/Se
Event: 2.374 Thread 0x000001c1dc784800 Uncommon trap: reason=unstable_if action=reinterpret pc=0x000001c1de73504c method=java.lang.String.trim()Ljava/lang/String; @ 63
Event: 2.376 Thread 0x000001c1dc784800 Uncommon trap: reason=class_check action=maybe_recompile pc=0x000001c1de72f2c8 method=java.util.regex.Pattern$7.isSatisfiedBy(I)Z @ 16
Event: 2.376 Thread 0x000001c1dc784800 Uncommon trap: reason=class_check action=maybe_recompile pc=0x000001c1de72f2c8 method=java.util.regex.Pattern$7.isSatisfiedBy(I)Z @ 16
Event: 2.376 Thread 0x000001c1dc784800 Uncommon trap: reason=class_check action=maybe_recompile pc=0x000001c1de72f2c8 method=java.util.regex.Pattern$7.isSatisfiedBy(I)Z @ 16
Event: 2.376 Thread 0x000001c1dc784800 Uncommon trap: reason=class_check action=maybe_recompile pc=0x000001c1de72f2c8 method=java.util.regex.Pattern$7.isSatisfiedBy(I)Z @ 16
Event: 2.395 Thread 0x000001c1dc784800 Uncommon trap: reason=unstable_if action=reinterpret pc=0x000001c1de4dd38c method=java.lang.String.regionMatches(ZILjava/lang/String;II)Z @ 25
Event: 2.435 Thread 0x000001c1dc784800 Uncommon trap: reason=unstable_if action=reinterpret pc=0x000001c1de7e2dfc method=org.apache.maven.model.io.xpp3.MavenXpp3Reader.nextTag(Lorg/codehaus/plexus/util/xml/pull/XmlPullParser;)I @ 9
Event: 2.642 Thread 0x000001c1dc784800 Uncommon trap: reason=null_check action=make_not_entrant pc=0x000001c1de8e11b4 method=org.apache.maven.model.validation.DefaultModelValidator.validateEffectiveDependency(Lorg/apache/maven/model/building/ModelProblemCollector;Lorg/apache/maven/model/Depend
Event: 2.657 Thread 0x000001c1dc784800 Uncommon trap: reason=unstable_if action=reinterpret pc=0x000001c1de76ee30 method=org.codehaus.plexus.util.xml.pull.MXParser.nextImpl()I @ 972

Classes redefined (0 events):
No events

Internal exceptions (10 events):
Event: 1.773 Thread 0x000001c1dc784800 Exception <a 'java/lang/NoClassDefFoundError'> (0x00000000d63d9b68) thrown at [C:\jenkins\workspace\8-2-build-windows-amd64-cygwin\jdk8u261\295\hotspot\src\share\vm\prims\jvm.cpp, line 1516]
Event: 1.774 Thread 0x000001c1dc784800 Exception <a 'java/lang/NoClassDefFoundError': javax/annotation/Priority> (0x00000000d63e0c90) thrown at [C:\jenkins\workspace\8-2-build-windows-amd64-cygwin\jdk8u261\295\hotspot\src\share\vm\classfile\systemDictionary.cpp, line 199]
Event: 1.898 Thread 0x000001c1dc784800 Exception <a 'java/lang/NullPointerException'> (0x00000000d68df100) thrown at [C:\jenkins\workspace\8-2-build-windows-amd64-cygwin\jdk8u261\295\hotspot\src\share\vm\interpreter\linkResolver.cpp, line 1185]
Event: 1.898 Thread 0x000001c1dc784800 Exception <a 'java/lang/NullPointerException'> (0x00000000d68df318) thrown at [C:\jenkins\workspace\8-2-build-windows-amd64-cygwin\jdk8u261\295\hotspot\src\share\vm\interpreter\linkResolver.cpp, line 1185]
Event: 1.898 Thread 0x000001c1dc784800 Exception <a 'java/lang/NullPointerException'> (0x00000000d68df530) thrown at [C:\jenkins\workspace\8-2-build-windows-amd64-cygwin\jdk8u261\295\hotspot\src\share\vm\interpreter\linkResolver.cpp, line 1185]
Event: 1.898 Thread 0x000001c1dc784800 Exception <a 'java/lang/NullPointerException'> (0x00000000d68e8f50) thrown at [C:\jenkins\workspace\8-2-build-windows-amd64-cygwin\jdk8u261\295\hotspot\src\share\vm\interpreter\linkResolver.cpp, line 1185]
Event: 1.898 Thread 0x000001c1dc784800 Exception <a 'java/lang/NullPointerException'> (0x00000000d68e9168) thrown at [C:\jenkins\workspace\8-2-build-windows-amd64-cygwin\jdk8u261\295\hotspot\src\share\vm\interpreter\linkResolver.cpp, line 1185]
Event: 1.898 Thread 0x000001c1dc784800 Exception <a 'java/lang/NullPointerException'> (0x00000000d68e9380) thrown at [C:\jenkins\workspace\8-2-build-windows-amd64-cygwin\jdk8u261\295\hotspot\src\share\vm\interpreter\linkResolver.cpp, line 1185]
Event: 2.177 Thread 0x000001c1dc784800 Implicit null exception at 0x000001c1de77321c to 0x000001c1de77446d
Event: 2.642 Thread 0x000001c1dc784800 Implicit null exception at 0x000001c1de8e0f60 to 0x000001c1de8e1191

Events (10 events):
Event: 2.608 loading class org/eclipse/aether/graph/Dependency$Exclusions$1
Event: 2.608 loading class org/eclipse/aether/graph/Dependency$Exclusions$1 done
Event: 2.609 loading class org/eclipse/aether/util/graph/selector/ExclusionDependencySelector$ExclusionComparator
Event: 2.609 loading class org/eclipse/aether/util/graph/selector/ExclusionDependencySelector$ExclusionComparator done
Event: 2.642 Thread 0x000001c1dc784800 Uncommon trap: trap_request=0xfffffff4 fr.pc=0x000001c1de8e11b4
Event: 2.642 Thread 0x000001c1dc784800 DEOPT PACKING pc=0x000001c1de8e11b4 sp=0x00000046744fca10
Event: 2.642 Thread 0x000001c1dc784800 DEOPT UNPACKING pc=0x000001c1de1b5843 sp=0x00000046744fc9e0 mode 2
Event: 2.657 Thread 0x000001c1dc784800 Uncommon trap: trap_request=0xffffff65 fr.pc=0x000001c1de76ee30
Event: 2.657 Thread 0x000001c1dc784800 DEOPT PACKING pc=0x000001c1de76ee30 sp=0x00000046744fc310
Event: 2.657 Thread 0x000001c1dc784800 DEOPT UNPACKING pc=0x000001c1de1b5843 sp=0x00000046744fc278 mode 2


Dynamic libraries:
0x00007ff787610000 - 0x00007ff787657000 	C:\Program Files\Java\jre1.8.0_261\bin\javaw.exe
0x00007fff0e410000 - 0x00007fff0e608000 	C:\WINDOWS\SYSTEM32\ntdll.dll
0x00007ffedf340000 - 0x00007ffedf359000 	C:\Program Files\Avast Software\Avast\aswhook.dll
0x00007fff0d8b0000 - 0x00007fff0d96d000 	C:\WINDOWS\System32\KERNEL32.DLL
0x00007fff0c170000 - 0x00007fff0c466000 	C:\WINDOWS\System32\KERNELBASE.dll
0x00007fff0cfa0000 - 0x00007fff0d04f000 	C:\WINDOWS\System32\ADVAPI32.dll
0x00007fff0d810000 - 0x00007fff0d8ae000 	C:\WINDOWS\System32\msvcrt.dll
0x00007fff0dab0000 - 0x00007fff0db4c000 	C:\WINDOWS\System32\sechost.dll
0x00007fff0db50000 - 0x00007fff0dc76000 	C:\WINDOWS\System32\RPCRT4.dll
0x00007fff0d670000 - 0x00007fff0d80e000 	C:\WINDOWS\System32\USER32.dll
0x00007fff0c140000 - 0x00007fff0c162000 	C:\WINDOWS\System32\win32u.dll
0x00007fff0d130000 - 0x00007fff0d15c000 	C:\WINDOWS\System32\GDI32.dll
0x00007fff0bf60000 - 0x00007fff0c07a000 	C:\WINDOWS\System32\gdi32full.dll
0x00007fff0bec0000 - 0x00007fff0bf5d000 	C:\WINDOWS\System32\msvcp_win.dll
0x00007fff0bdc0000 - 0x00007fff0bec0000 	C:\WINDOWS\System32\ucrtbase.dll
0x00007ffefa800000 - 0x00007ffefaa9a000 	C:\WINDOWS\WinSxS\amd64_microsoft.windows.common-controls_6595b64144ccf1df_6.0.19041.3636_none_60b6a03d71f818d5\COMCTL32.dll
0x00007fff0d4c0000 - 0x00007fff0d4f0000 	C:\WINDOWS\System32\IMM32.DLL
0x00007fff05340000 - 0x00007fff05355000 	C:\Program Files\Java\jre1.8.0_261\bin\vcruntime140.dll
0x00007ffef84f0000 - 0x00007ffef858b000 	C:\Program Files\Java\jre1.8.0_261\bin\msvcp140.dll
0x0000000062f80000 - 0x00000000637ec000 	C:\Program Files\Java\jre1.8.0_261\bin\server\jvm.dll
0x00007fff0c680000 - 0x00007fff0c688000 	C:\WINDOWS\System32\PSAPI.DLL
0x00007fff03a60000 - 0x00007fff03a6a000 	C:\WINDOWS\SYSTEM32\VERSION.dll
0x00007ffef8590000 - 0x00007ffef8599000 	C:\WINDOWS\SYSTEM32\WSOCK32.dll
0x00007ffefdef0000 - 0x00007ffefdf17000 	C:\WINDOWS\SYSTEM32\WINMM.dll
0x00007fff0c690000 - 0x00007fff0c6fb000 	C:\WINDOWS\System32\WS2_32.dll
0x00007fff099b0000 - 0x00007fff099c2000 	C:\WINDOWS\SYSTEM32\kernel.appcore.dll
0x00007fff08600000 - 0x00007fff08610000 	C:\Program Files\Java\jre1.8.0_261\bin\verify.dll
0x00007fff06390000 - 0x00007fff063bb000 	C:\Program Files\Java\jre1.8.0_261\bin\java.dll
0x00007fff08570000 - 0x00007fff08588000 	C:\Program Files\Java\jre1.8.0_261\bin\zip.dll
0x00007fff0dc80000 - 0x00007fff0e3c4000 	C:\WINDOWS\System32\SHELL32.dll
0x00007fff09bb0000 - 0x00007fff0a34b000 	C:\WINDOWS\SYSTEM32\windows.storage.dll
0x00007fff0d160000 - 0x00007fff0d4b4000 	C:\WINDOWS\System32\combase.dll
0x00007fff0b530000 - 0x00007fff0b55d000 	C:\WINDOWS\SYSTEM32\Wldp.dll
0x00007fff0c700000 - 0x00007fff0c7ad000 	C:\WINDOWS\System32\SHCORE.dll
0x00007fff0c620000 - 0x00007fff0c675000 	C:\WINDOWS\System32\shlwapi.dll
0x00007fff0ba20000 - 0x00007fff0ba45000 	C:\WINDOWS\SYSTEM32\profapi.dll
0x00007fff0b480000 - 0x00007fff0b498000 	C:\WINDOWS\SYSTEM32\CRYPTSP.dll
0x00007fff0ab50000 - 0x00007fff0ab84000 	C:\WINDOWS\system32\rsaenh.dll
0x00007fff0c110000 - 0x00007fff0c137000 	C:\WINDOWS\System32\bcrypt.dll
0x00007fff0b9a0000 - 0x00007fff0b9ce000 	C:\WINDOWS\SYSTEM32\USERENV.dll
0x00007fff0c080000 - 0x00007fff0c102000 	C:\WINDOWS\System32\bcryptprimitives.dll
0x00007fff0b4a0000 - 0x00007fff0b4ac000 	C:\WINDOWS\SYSTEM32\CRYPTBASE.dll
0x00007fff07630000 - 0x00007fff0764c000 	C:\Program Files\Java\jre1.8.0_261\bin\net.dll
0x00007fff0b290000 - 0x00007fff0b2fa000 	C:\WINDOWS\system32\mswsock.dll
0x00007fff0af30000 - 0x00007fff0af6b000 	C:\WINDOWS\SYSTEM32\IPHLPAPI.DLL
0x00007fff0d4f0000 - 0x00007fff0d4f8000 	C:\WINDOWS\System32\NSI.dll
0x00007fff02f60000 - 0x00007fff02f77000 	C:\WINDOWS\SYSTEM32\dhcpcsvc6.DLL
0x00007fff03a70000 - 0x00007fff03a8d000 	C:\WINDOWS\SYSTEM32\dhcpcsvc.DLL
0x00007fff0af80000 - 0x00007fff0b04a000 	C:\WINDOWS\SYSTEM32\DNSAPI.dll
0x00007fff06610000 - 0x00007fff06623000 	C:\Program Files\Java\jre1.8.0_261\bin\nio.dll
0x00007fff064f0000 - 0x00007fff064fa000 	C:\Users\Santhu\AppData\Local\Temp\jansi-1.17.1-1474434130078926498.dll
0x00007fff064b0000 - 0x00007fff064ba000 	C:\Users\Santhu\AppData\Local\Temp\jansi-1.17.1-810919835001445266.dll
0x00007fff02bc0000 - 0x00007fff02da4000 	C:\WINDOWS\SYSTEM32\dbghelp.dll

VM Arguments:
jvm_args: -Dmaven.home=EMBEDDED -Dclassworlds.conf=C:\Users\Santhu\eclipse-workspace1\.metadata\.plugins\org.eclipse.m2e.launching\launches\m2conf3448310281832280292.tmp -Dmaven.multiModuleProjectDirectory=C:\Users\Santhu\eclipse-workspace1\RTO -Dfile.encoding=Cp1252 
java_command: org.codehaus.plexus.classworlds.launcher.Launcher -B install
java_class_path (initial): C:\Users\Santhu\.p2\pool\plugins\org.eclipse.m2e.maven.runtime_1.15.0.20200310-1832\jars\plexus-classworlds-2.6.0.jar
Launcher Type: SUN_STANDARD

Environment Variables:
JAVA_HOME=C:\Program Files\Java\jdk1.8.0_261
PATH=C:/Program Files/Java/jre1.8.0_261/bin/server;C:/Program Files/Java/jre1.8.0_261/bin;C:/Program Files/Java/jre1.8.0_261/lib/amd64;C:\Program Files (x86)\Intel\iCLS Client\;C:\Program Files\Intel\iCLS Client\;C:\Python39\Scripts\;C:\Python39\;C:\Program Files (x86)\Common Files\Oracle\Java\javapath;C:\WINDOWS\system32;C:\WINDOWS;C:\WINDOWS\System32\Wbem;C:\WINDOWS\System32\WindowsPowerShell\v1.0\;C:\WINDOWS\System32\OpenSSH\;C:\Program Files (x86)\Windows Kits\8.1\Windows Performance Toolkit\;C:\Program Files\Java\jdk1.8.0_261\bin;C:\Program Files\Git\cmd;C:\ProgramData\chocolatey\bin;C:\Program Files (x86)\Microsoft SQL Server\100\Tools\Binn\;C:\Program Files\Microsoft SQL Server\100\Tools\Binn\;C:\Program Files\Microsoft SQL Server\100\DTS\Binn\;C:\Program Files\dotnet\;C:\Program Files (x86)\Intel\Intel(R) Management Engine Components\DAL;C:\Program Files\Intel\Intel(R) Management Engine Components\DAL;C:\Program Files (x86)\Intel\Intel(R) Management Engine Components\IPT;C:\Program Files\Intel\Intel(R) Management Engine Components\IPT;C:\Program Files\Intel\WiFi\bin\;C:\Program Files\Common Files\Intel\WirelessCommon\;C:\Program Files\nodejs\;C:\Users\Santhu\AppData\Local\Programs\Python\Python310\Scripts\;C:\Users\Santhu\AppData\Local\Programs\Python\Python310\;C:\Program Files\MySQL\MySQL Shell 8.0\bin\;C:\Users\Santhu\AppData\Local\Microsoft\WindowsApps;C:\Users\Santhu\AppData\Local\Programs\Microsoft VS Code\bin;C:\Users\Santhu\Downloads\apache-tomcat-9.0.38\bin;C:\Users\Santhu\AppData\Roaming\npm;C:\WINDOWS\System32;
USERNAME=Santhu
OS=Windows_NT
PROCESSOR_IDENTIFIER=Intel64 Family 6 Model 60 Stepping 3, GenuineIntel



---------------  S Y S T E M  ---------------

OS: Windows 10.0 , 64 bit Build 19041 (10.0.19041.3636)

CPU:total 8 (initial active 8) (4 cores per cpu, 2 threads per core) family 6 model 60 stepping 3, cmov, cx8, fxsr, mmx, sse, sse2, sse3, ssse3, sse4.1, sse4.2, popcnt, avx, avx2, aes, clmul, erms, lzcnt, ht, tsc, tscinvbit, bmi1, bmi2

Memory: 4k page, physical 8289244k(963568k free), swap 10386396k(5196k free)

vm_info: Java HotSpot(TM) 64-Bit Server VM (25.261-b12) for windows-amd64 JRE (1.8.0_261-b12), built on Jun 18 2020 06:56:32 by "" with unknown MS VC++:1916

time: Tue Dec 19 13:17:42 2023
timezone: India Standard Time
elapsed time: 2 seconds (0d 0h 0m 2s)

